#
# There is insufficient memory for the Java Runtime Environment to continue.
# Native memory allocation (mmap) failed to map 264241152 bytes for G1 virtual space
# Possible reasons:
#   The system is out of physical RAM or swap space
#   The process is running with CompressedOops enabled, and the Java Heap may be blocking the growth of the native heap
# Possible solutions:
#   Reduce memory load on the system
#   Increase physical memory or swap space
#   Check if swap backing store is full
#   Decrease Java heap size (-Xmx/-Xms)
#   Decrease number of Java threads
#   Decrease Java thread stack sizes (-Xss)
#   Set larger code cache with -XX:ReservedCodeCacheSize=
#   JVM is running with Zero Based Compressed Oops mode in which the Java heap is
#     placed in the first 32GB address space. The Java Heap base address is the
#     maximum limit for the native heap growth. Please use -XX:HeapBaseMinAddress
#     to set the Java Heap base and to place the Java Heap above 32GB virtual address.
# This output file may be truncated or incomplete.
#
#  Out of Memory Error (os_windows.cpp:3600), pid=29732, tid=23216
#
# JRE version:  (21.0.3+7) (build )
# Java VM: Java HotSpot(TM) 64-Bit Server VM (21.0.3+7-LTS-152, mixed mode, sharing, tiered, compressed oops, compressed class ptrs, g1 gc, windows-amd64)
# No core dump will be written. Minidumps are not enabled by default on client versions of Windows
#

---------------  S U M M A R Y ------------

Command Line: -ea -Didea.test.cyclic.buffer.size=1048576 -javaagent:C:\Program Files\JetBrains\IntelliJ IDEA Community Edition 2023.1\lib\idea_rt.jar=50176:C:\Program Files\JetBrains\IntelliJ IDEA Community Edition 2023.1\bin -Dfile.encoding=UTF-8 -Dsun.stdout.encoding=UTF-8 -Dsun.stderr.encoding=UTF-8 com.intellij.rt.junit.JUnitStarter -ideVersion5 -junit5 com.cfs.API_Gateway.ApiGatewayApplicationTests

Host: 11th Gen Intel(R) Core(TM) i5-1135G7 @ 2.40GHz, 8 cores, 15G,  Windows 11 , 64 bit Build 22621 (10.0.22621.5415)
Time: Sun Sep 14 11:05:36 2025 India Standard Time elapsed time: 0.032079 seconds (0d 0h 0m 0s)

---------------  T H R E A D  ---------------

Current thread (0x000002349d511540):  JavaThread "Unknown thread" [_thread_in_vm, id=23216, stack(0x000000f720300000,0x000000f720400000) (1024K)]

Stack: [0x000000f720300000,0x000000f720400000]
Native frames: (J=compiled Java code, j=interpreted, Vv=VM code, C=native code)
V  [jvm.dll+0x6c63b9]
V  [jvm.dll+0x84fa11]
V  [jvm.dll+0x851f3e]
V  [jvm.dll+0x852613]
V  [jvm.dll+0x27cd46]
V  [jvm.dll+0x6c2b55]
V  [jvm.dll+0x6b76da]
V  [jvm.dll+0x35051a]
V  [jvm.dll+0x358176]
V  [jvm.dll+0x3aa84e]
V  [jvm.dll+0x3aaaf8]
V  [jvm.dll+0x32491c]
V  [jvm.dll+0x32547b]
V  [jvm.dll+0x818f69]
V  [jvm.dll+0x3b7771]
V  [jvm.dll+0x802358]
V  [jvm.dll+0x44c7ce]
V  [jvm.dll+0x44e2a1]
C  [jli.dll+0x52a3]
C  [ucrtbase.dll+0x29333]
C  [KERNEL32.DLL+0x1259d]
C  [ntdll.dll+0x5af78]


---------------  P R O C E S S  ---------------

Threads class SMR info:
_java_thread_list=0x00007ffef3c61b88, length=0, elements={
}

Java Threads: ( => current thread )
Total: 0

Other Threads:
  0x000002349ef542d0 WorkerThread "GC Thread#0"                     [id=960, stack(0x000000f720400000,0x000000f720500000) (1024K)]
  0x000002349ef658c0 ConcurrentGCThread "G1 Main Marker"            [id=29356, stack(0x000000f720500000,0x000000f720600000) (1024K)]
  0x000002349ef662c0 WorkerThread "G1 Conc#0"                       [id=28340, stack(0x000000f720600000,0x000000f720700000) (1024K)]

[error occurred during error reporting (printing all threads), id 0xc0000005, EXCEPTION_ACCESS_VIOLATION (0xc0000005) at pc=0x00007ffef33d7077]
VM state: not at safepoint (not fully initialized)

VM Mutex/Monitor currently owned by a thread:  ([mutex/lock_event])
[0x00007ffef3cd2ea8] Heap_lock - owner thread: 0x000002349d511540

Heap address: 0x0000000704c00000, size: 4020 MB, Compressed Oops mode: Zero based, Oop shift amount: 3

CDS archive(s) mapped at: [0x0000000000000000-0x0000000000000000-0x0000000000000000), size 0, SharedBaseAddress: 0x0000000800000000, ArchiveRelocationMode: 1.
Narrow klass base: 0x0000000000000000, Narrow klass shift: 0, Narrow klass range: 0x0

GC Precious Log:
 CardTable entry size: 512
 Card Set container configuration: InlinePtr #cards 4 size 8 Array Of Cards #cards 16 size 48 Howl #buckets 8 coarsen threshold 3686 Howl Bitmap #cards 512 size 80 coarsen threshold 460 Card regions per heap region 1 cards per card region 4096

Heap:
 garbage-first heap   total 0K, used 0K [0x0000000704c00000, 0x0000000800000000)
  region size 2048K, 0 young (0K), 0 survivors (0K)

[error occurred during error reporting (printing heap information), id 0xc0000005, EXCEPTION_ACCESS_VIOLATION (0xc0000005) at pc=0x00007ffef37be669]
GC Heap History (0 events):
No events

Dll operation events (1 events):
Event: 0.023 Loaded shared library C:\Program Files\Java\jdk-21\bin\java.dll

Deoptimization events (0 events):
No events

Classes loaded (0 events):
No events

Classes unloaded (0 events):
No events

Classes redefined (0 events):
No events

Internal exceptions (0 events):
No events

ZGC Phase Switch (0 events):
No events

VM Operations (0 events):
No events

Events (0 events):
No events


Dynamic libraries:
0x00007ff650e10000 - 0x00007ff650e20000 	C:\Program Files\Java\jdk-21\bin\java.exe
0x00007ffff0150000 - 0x00007ffff0367000 	C:\WINDOWS\SYSTEM32\ntdll.dll
0x00007fffef160000 - 0x00007fffef224000 	C:\WINDOWS\System32\KERNEL32.DLL
0x00007fffed540000 - 0x00007fffed912000 	C:\WINDOWS\System32\KERNELBASE.dll
0x00007fffedcc0000 - 0x00007fffeddd1000 	C:\WINDOWS\System32\ucrtbase.dll
0x00007fffcbec0000 - 0x00007fffcbedb000 	C:\Program Files\Java\jdk-21\bin\VCRUNTIME140.dll
0x00007fffd2630000 - 0x00007fffd2649000 	C:\Program Files\Java\jdk-21\bin\jli.dll
0x00007fffef4c0000 - 0x00007fffef571000 	C:\WINDOWS\System32\ADVAPI32.dll
0x00007fffedde0000 - 0x00007fffede87000 	C:\WINDOWS\System32\msvcrt.dll
0x00007fffee1d0000 - 0x00007fffee278000 	C:\WINDOWS\System32\sechost.dll
0x00007fffed240000 - 0x00007fffed268000 	C:\WINDOWS\System32\bcrypt.dll
0x00007fffef230000 - 0x00007fffef344000 	C:\WINDOWS\System32\RPCRT4.dll
0x00007fffefa60000 - 0x00007fffefc11000 	C:\WINDOWS\System32\USER32.dll
0x00007fffed270000 - 0x00007fffed296000 	C:\WINDOWS\System32\win32u.dll
0x00007fffee280000 - 0x00007fffee2a9000 	C:\WINDOWS\System32\GDI32.dll
0x00007fffed410000 - 0x00007fffed533000 	C:\WINDOWS\System32\gdi32full.dll
0x00007fffedae0000 - 0x00007fffedb7a000 	C:\WINDOWS\System32\msvcp_win.dll
0x00007fffdce50000 - 0x00007fffdd0eb000 	C:\WINDOWS\WinSxS\amd64_microsoft.windows.common-controls_6595b64144ccf1df_6.0.22621.5547_none_27104afb73855772\COMCTL32.dll
0x00007fffecea0000 - 0x00007fffeceaa000 	C:\WINDOWS\SYSTEM32\VERSION.dll
0x00007fffeffc0000 - 0x00007fffefff1000 	C:\WINDOWS\System32\IMM32.DLL
0x0000000076eb0000 - 0x0000000076ebc000 	C:\Program Files (x86)\360\Total Security\safemon\SafeWrapper.dll
0x00007fff75670000 - 0x00007fff7571c000 	C:\Program Files (x86)\360\Total Security\safemon\libzdtp64.dll
0x00007fffee2b0000 - 0x00007fffeeb52000 	C:\WINDOWS\System32\SHELL32.dll
0x00007fffed920000 - 0x00007fffeda5f000 	C:\WINDOWS\System32\wintypes.dll
0x00007fffeeb60000 - 0x00007fffeeef3000 	C:\WINDOWS\System32\combase.dll
0x00007fffefc20000 - 0x00007fffefc89000 	C:\WINDOWS\System32\SHLWAPI.dll
0x00007fffd4180000 - 0x00007fffd418c000 	C:\Program Files\Java\jdk-21\bin\vcruntime140_1.dll
0x00007fffb3a40000 - 0x00007fffb3ace000 	C:\Program Files\Java\jdk-21\bin\msvcp140.dll
0x00007ffef30a0000 - 0x00007ffef3dad000 	C:\Program Files\Java\jdk-21\bin\server\jvm.dll
0x00007fffef0e0000 - 0x00007fffef151000 	C:\WINDOWS\System32\WS2_32.dll
0x00007fffeca90000 - 0x00007fffecadd000 	C:\WINDOWS\SYSTEM32\POWRPROF.dll
0x00007fffe3440000 - 0x00007fffe3474000 	C:\WINDOWS\SYSTEM32\WINMM.dll
0x00007fffeca70000 - 0x00007fffeca83000 	C:\WINDOWS\SYSTEM32\UMPDC.dll
0x00007fffec1c0000 - 0x00007fffec1d8000 	C:\WINDOWS\SYSTEM32\kernel.appcore.dll
0x00007fffd2620000 - 0x00007fffd262a000 	C:\Program Files\Java\jdk-21\bin\jimage.dll
0x00007fffea920000 - 0x00007fffeab53000 	C:\WINDOWS\SYSTEM32\DBGHELP.DLL
0x00007fffef000000 - 0x00007fffef0d7000 	C:\WINDOWS\System32\OLEAUT32.dll
0x00007fffdf040000 - 0x00007fffdf072000 	C:\WINDOWS\SYSTEM32\dbgcore.DLL
0x00007fffedc40000 - 0x00007fffedcbb000 	C:\WINDOWS\System32\bcryptPrimitives.dll
0x00007fffd41b0000 - 0x00007fffd41bf000 	C:\Program Files\Java\jdk-21\bin\instrument.dll
0x00007fffcba50000 - 0x00007fffcba6f000 	C:\Program Files\Java\jdk-21\bin\java.dll

dbghelp: loaded successfully - version: 4.0.5 - missing functions: none
symbol engine: initialized successfully - sym options: 0x614 - pdb path: .;C:\Program Files\Java\jdk-21\bin;C:\WINDOWS\SYSTEM32;C:\WINDOWS\WinSxS\amd64_microsoft.windows.common-controls_6595b64144ccf1df_6.0.22621.5547_none_27104afb73855772;C:\Program Files (x86)\360\Total Security\safemon;C:\Program Files\Java\jdk-21\bin\server

VM Arguments:
jvm_args: -ea -Didea.test.cyclic.buffer.size=1048576 -javaagent:C:\Program Files\JetBrains\IntelliJ IDEA Community Edition 2023.1\lib\idea_rt.jar=50176:C:\Program Files\JetBrains\IntelliJ IDEA Community Edition 2023.1\bin -Dfile.encoding=UTF-8 -Dsun.stdout.encoding=UTF-8 -Dsun.stderr.encoding=UTF-8 
java_command: com.intellij.rt.junit.JUnitStarter -ideVersion5 -junit5 com.cfs.API_Gateway.ApiGatewayApplicationTests
java_class_path (initial): C:\Users\jigya\.m2\repository\org\junit\platform\junit-platform-launcher\1.12.2\junit-platform-launcher-1.12.2.jar;C:\Program Files\JetBrains\IntelliJ IDEA Community Edition 2023.1\lib\idea_rt.jar;C:\Program Files\JetBrains\IntelliJ IDEA Community Edition 2023.1\plugins\junit\lib\junit5-rt.jar;C:\Program Files\JetBrains\IntelliJ IDEA Community Edition 2023.1\plugins\junit\lib\junit-rt.jar;D:\SPARK 4.0\Microservices\API-Gateway\target\test-classes;D:\SPARK 4.0\Microservices\API-Gateway\target\classes;C:\Users\jigya\.m2\repository\org\springframework\boot\spring-boot-starter-webflux\3.5.5\spring-boot-starter-webflux-3.5.5.jar;C:\Users\jigya\.m2\repository\org\springframework\boot\spring-boot-starter\3.5.5\spring-boot-starter-3.5.5.jar;C:\Users\jigya\.m2\repository\org\springframework\boot\spring-boot\3.5.5\spring-boot-3.5.5.jar;C:\Users\jigya\.m2\repository\org\springframework\spring-context\6.2.10\spring-context-6.2.10.jar;C:\Users\jigya\.m2\repository\org\springframework\spring-aop\6.2.10\spring-aop-6.2.10.jar;C:\Users\jigya\.m2\repository\org\springframework\spring-expression\6.2.10\spring-expression-6.2.10.jar;C:\Users\jigya\.m2\repository\org\springframework\boot\spring-boot-autoconfigure\3.5.5\spring-boot-autoconfigure-3.5.5.jar;C:\Users\jigya\.m2\repository\org\springframework\boot\spring-boot-starter-logging\3.5.5\spring-boot-starter-logging-3.5.5.jar;C:\Users\jigya\.m2\repository\ch\qos\logback\logback-classic\1.5.18\logback-classic-1.5.18.jar;C:\Users\jigya\.m2\repository\ch\qos\logback\logback-core\1.5.18\logback-core-1.5.18.jar;C:\Users\jigya\.m2\repository\org\apache\logging\log4j\log4j-to-slf4j\2.24.3\log4j-to-slf4j-2.24.3.jar;C:\Users\jigya\.m2\repository\org\apache\logging\log4j\log4j-api\2.24.3\log4j-api-2.24.3.jar;C:\Users\jigya\.m2\repository\org\slf4j\jul-to-slf4j\2.0.17\jul-to-slf4j-2.0.17.jar;C:\Users\jigya\.m2\repository\jakarta\annotation\jakarta.annotation-api\2.1.1\jakarta.annotation-api-2.1.1.jar;C:\Users\jigya\.m2\repository\org\yaml\snakeyaml\2.4\snakeyaml-2.4.jar;C:\Users\jigya\.m2\repository\org\springframework\boot\spring-boot-starter-json\3.5.5\spring-boot-starter-json-3.5.5.jar;C:\Users\jigya\.m2\repository\com\fasterxml\jackson\core\jackson-databind\2.19.2\jackson-databind-2.19.2.jar;C:\Users\jigya\.m2\repository\com\fasterxml\jackson\datatype\jackson-datatype-jdk8\2.19.2\jackson-datatype-jdk8-2.19.2.jar;C:\Users\jigya\.m2\repository\com\fasterxml\jackson\datatype\jackson-datatype-jsr310\2.19.2\jackson-datatype-jsr310-2.19.2.jar;C:\Users\jigya\.m2\repository\com\fasterxml\jackson\module\jackson-module-parameter-names\2.19.2\jackson-module-parameter-names-2.19.2.jar;C:\Users\jigya\.m2\repository\org\springframework\boot\spring-boot-starter-reactor-netty\3.5.5\spring-boot-starter-reactor-netty-3.5.5.jar;C:\Users\jigya\.m2\repository\io\projectreactor\netty\reactor-netty-http\1.2.9\reactor-netty-http-1.2.9.jar;C:\Users\jigya\.m2\repository\io\netty\netty-codec-http\4.1.124.Final\netty-codec-http-4.1.124.Final.jar;C:\Users\jigya\.m2\repository\io\netty\netty-common\4.1.124.Final\netty-common-4.1.124.Final.jar;C:\Users\jigya\.m2\repository\io\netty\netty-buffer\4.1.124.Final\netty-buffer-4.1.124.Final.jar;C:\Users\jigya\.m2\repository\io\netty\netty-transport\4.1.124.Final\netty-transport-4.1.124.Final.jar;C:\Users\jigya\.m2\repository\io\netty\netty-codec\4.1.124.Final\netty-codec-4.1.124.Final.jar;C:\Users\jigya\.m2\repository\io\netty\netty-handler\4.1.124.Final\netty-handler-4.1.124.Final.jar;C:\Users\jigya\.m2\repository\io\netty\netty-codec-http2\4.1.124.Final\netty-codec-http2-4.1.124.Final.jar;C:\Users\jigya\.m2\repository\io\netty\netty-resolver-dns\4.1.124.Final\netty-resolver-dns-4.1.124.Final.jar;C:\Users\jigya\.m2\repository\io\netty\netty-resolver\4.1.124.Final\netty-resolver-4.1.124.Final.jar;C:\Users\jigya\.m2\repository\io\netty\netty-codec-dns\4.1.124.Final\netty-codec-dns-4.1.124.Final.jar;C:\Users\jigya\.m2\repository\io\netty\netty-resolver-dns-native-macos\4.1.124.Final\netty-resolver-dns-native-macos-4.1.124.Final-osx-x86_64.jar;C:\Users\jigya\.m2\repository\io\netty\netty-resolver-dns-classes-macos\4.1.124.Final\netty-resolver-dns-classes-macos-4.1.124.Final.jar;C:\Users\jigya\.m2\repository\io\netty\netty-transport-native-epoll\4.1.124.Final\netty-transport-native-epoll-4.1.124.Final-linux-x86_64.jar;C:\Users\jigya\.m2\repository\io\netty\netty-transport-native-unix-common\4.1.124.Final\netty-transport-native-unix-common-4.1.124.Final.jar;C:\Users\jigya\.m2\repository\io\netty\netty-transport-classes-epoll\4.1.124.Final\netty-transport-classes-epoll-4.1.124.Final.jar;C:\Users\jigya\.m2\repository\io\projectreactor\netty\reactor-netty-core\1.2.9\reactor-netty-core-1.2.9.jar;C:\Users\jigya\.m2\repository\io\netty\netty-handler-proxy\4.1.124.Final\netty-handler-proxy-4.1.124.Final.jar;C:\Users\jigya\.m2\repository\io\netty\netty-codec-socks\4.1.124.Final\netty-codec-socks-4.1.124.Final.jar;C:\Users\jigya\.m2\repository\org\springframework\spring-web\6.2.10\spring-web-6.2.10.jar;C:\Users\jigya\.m2\repository\org\springframework\spring-beans\6.2.10\spring-beans-6.2.10.jar;C:\Users\jigya\.m2\repository\io\micrometer\micrometer-observation\1.15.3\micrometer-observation-1.15.3.jar;C:\Users\jigya\.m2\repository\io\micrometer\micrometer-commons\1.15.3\micrometer-commons-1.15.3.jar;C:\Users\jigya\.m2\repository\org\springframework\spring-webflux\6.2.10\spring-webflux-6.2.10.jar;C:\Users\jigya\.m2\repository\org\springframework\cloud\spring-cloud-starter-gateway\4.3.0\spring-cloud-starter-gateway-4.3.0.jar;C:\Users\jigya\.m2\repository\org\springframework\cloud\spring-cloud-starter\4.3.0\spring-cloud-starter-4.3.0.jar;C:\Users\jigya\.m2\repository\org\springframework\cloud\spring-cloud-context\4.3.0\spring-cloud-context-4.3.0.jar;C:\Users\jigya\.m2\repository\org\springframework\security\spring-security-crypto\6.5.3\spring-security-crypto-6.5.3.jar;C:\Users\jigya\.m2\repository\org\springframework\cloud\spring-cloud-commons\4.3.0\spring-cloud-commons-4.3.0.jar;C:\Users\jigya\.m2\repository\org\bouncycastle\bcprov-jdk18on\1.80\bcprov-jdk18on-1.80.jar;C:\Users\jigya\.m2\repository\org\springframework\cloud\spring-cloud-gateway-server\4.3.0\spring-cloud-gateway-server-4.3.0.jar;C:\Users\jigya\.m2\repository\org\springframework\boot\spring-boot-starter-validation\3.5.5\spring-boot-starter-validation-3.5.5.jar;C:\Users\jigya\.m2\repository\org\apache\tomcat\embed\tomcat-embed-el\10.1.44\tomcat-embed-el-10.1.44.jar;C:\Users\jigya\.m2\repository\org\hibernate\validator\hibernate-validator\8.0.3.Final\hibernate-validator-8.0.3.Final.jar;C:\Users\jigya\.m2\repository\jakarta\validation\jakarta.validation-api\3.0.2\jakarta.validation-api-3.0.2.jar;C:\Users\jigya\.m2\repository\org\jboss\logging\jboss-logging\3.6.1.Final\jboss-logging-3.6.1.Final.jar;C:\Users\jigya\.m2\repository\com\fasterxml\classmate\1.7.0\classmate-1.7.0.jar;C:\Users\jigya\.m2\repository\io\projectreactor\addons\reactor-extra\3.5.2\reactor-extra-3.5.2.jar;C:\Users\jigya\.m2\repository\org\springframework\boot\spring-boot-properties-migrator\3.5.5\spring-boot-properties-migrator-3.5.5.jar;C:\Users\jigya\.m2\repository\org\springframework\boot\spring-boot-configuration-metadata\3.5.5\spring-boot-configuration-metadata-3.5.5.jar;C:\Users\jigya\.m2\repository\org\springframework\cloud\spring-cloud-starter-netflix-eureka-client\4.3.0\spring-cloud-starter-netflix-eureka-client-4.3.0.jar;C:\Users\jigya\.m2\repository\org\springframework\cloud\spring-cloud-netflix-eureka-client\4.3.0\spring-cloud-netflix-eureka-client-4.3.0.jar;C:\Users\jigya\.m2\repository\org\apache\httpcomponents\client5\httpclient5\5.5\httpclient5-5.5.jar;C:\Users\jigya\.m2\repository\org\apache\httpcomponents\core5\httpcore5\5.3.4\httpcore5-5.3.4.jar;C:\Users\jigya\.m2\repository\org\apache\httpcomponents\core5\httpcore5-h2\5.3.4\httpcore5-h2-5.3.4.jar;C:\Users\jigya\.m2\repository\com\netflix\eureka\eureka-client\2.0.4\eureka-client-2.0.4.jar;C:\Users\jigya\.m2\repository\com\thoughtworks\xstream\xstream\1.4.20\xstream-1.4.20.jar;C:\Users\jigya\.m2\repository\io\github\x-stream\mxparser\1.2.2\mxparser-1.2.2.jar;C:\Users\jigya\.m2\repository\xmlpull\xmlpull\1.1.3.1\xmlpull-1.1.3.1.jar;C:\Users\jigya\.m2\repository\jakarta\ws\rs\jakarta.ws.rs-api\3.1.0\jakarta.ws.rs-api-3.1.0.jar;C:\Users\jigya\.m2\repository\jakarta\inject\jakarta.inject-api\2.0.1\jakarta.inject-api-2.0.1.jar;C:\Users\jigya\.m2\repository\com\netflix\spectator\spectator-api\1.7.3\spectator-api-1.7.3.jar;C:\Users\jigya\.m2\repository\org\slf4j\slf4j-api\2.0.17\slf4j-api-2.0.17.jar;C:\Users\jigya\.m2\repository\org\apache\httpcomponents\httpclient\4.5.3\httpclient-4.5.3.jar;C:\Users\jigya\.m2\repository\org\apache\httpcomponents\httpcore\4.4.16\httpcore-4.4.16.jar;C:\Users\jigya\.m2\repository\commons-codec\commons-codec\1.18.0\commons-codec-1.18.0.jar;C:\Users\jigya\.m2\repository\commons-configuration\commons-configuration\1.10\commons-configuration-1.10.jar;C:\Users\jigya\.m2\repository\commons-lang\commons-lang\2.6\commons-lang-2.6.jar;C:\Users\jigya\.m2\repository\com\fasterxml\jackson\core\jackson-annotations\2.19.2\jackson-annotations-2.19.2.jar;C:\Users\jigya\.m2\repository\com\fasterxml\jackson\core\jackson-core\2.19.2\jackson-core-2.19.2.jar;C:\Users\jigya\.m2\repository\com\netflix\netflix-commons\netflix-eventbus\0.3.0\netflix-eventbus-0.3.0.jar;C:\Users\jigya\.m2\repository\com\netflix\netflix-commons\netflix-infix\0.3.0\netflix-infix-0.3.0.jar;C:\Users\jigya\.m2\repository\commons-jxpath\commons-jxpath\1.3\commons-jxpath-1.3.jar;C:\Users\jigya\.m2\repository\joda-time\joda-time\2.3\joda-time-2.3.jar;C:\Users\jigya\.m2\repository\org\antlr\antlr-runtime\3.4\antlr-runtime-3.4.jar;C:\Users\jigya\.m2\repository\org\antlr\stringtemplate\3.2.1\stringtemplate-3.2.1.jar;C:\Users\jigya\.m2\repository\antlr\antlr\2.7.7\antlr-2.7.7.jar;C:\Users\jigya\.m2\repository\com\google\guava\guava\14.0.1\guava-14.0.1.jar;C:\Users\jigya\.m2\repository\com\google\code\gson\gson\2.13.1\gson-2.13.1.jar;C:\Users\jigya\.m2\repository\com\google\errorprone\error_prone_annotations\2.38.0\error_prone_annotations-2.38.0.jar;C:\Users\jigya\.m2\repository\com\netflix\servo\servo-core\0.5.3\servo-core-0.5.3.jar;C:\Users\jigya\.m2\repository\org\apache\commons\commons-math\2.2\commons-math-2.2.jar;C:\Users\jigya\.m2\repository\javax\annotation\javax.annotation-api\1.2\javax.annotation-api-1.2.jar;C:\Users\jigya\.m2\repository\org\codehaus\jettison\jettison\1.5.4\jettison-1.5.4.jar;C:\Users\jigya\.m2\repository\org\springframework\cloud\spring-cloud-starter-loadbalancer\4.3.0\spring-cloud-starter-loadbalancer-4.3.0.jar;C:\Users\jigya\.m2\repository\org\springframework\cloud\spring-cloud-loadbalancer\4.3.0\spring-cloud-loadbalancer-4.3.0.jar;C:\Users\jigya\.m2\repository\org\springframework\boot\spring-boot-starter-cache\3.5.5\spring-boot-starter-cache-3.5.5.jar;C:\Users\jigya\.m2\repository\org\springframework\spring-context-support\6.2.10\spring-context-support-6.2.10.jar;C:\Users\jigya\.m2\repository\com\stoyanr\evictor\1.0.0\evictor-1.0.0.jar;C:\Users\jigya\.m2\repository\org\springframework\boot\spring-boot-starter-test\3.5.5\spring-boot-starter-test-3.5.5.jar;C:\Users\jigya\.m2\repository\org\springframework\boot\spring-boot-test\3.5.5\spring-boot-test-3.5.5.jar;C:\Users\jigya\.m2\repository\org\springframework\boot\spring-boot-test-autoconfigure\3.5.5\spring-boot-test-autoconfigure-3.5.5.jar;C:\Users\jigya\.m2\repository\com\jayway\jsonpath\json-path\2.9.0\json-path-2.9.0.jar;C:\Users\jigya\.m2\repository\jakarta\xml\bind\jakarta.xml.bind-api\4.0.2\jakarta.xml.bind-api-4.0.2.jar;C:\Users\jigya\.m2\repository\jakarta\activation\jakarta.activation-api\2.1.3\jakarta.activation-api-2.1.3.jar;C:\Users\jigya\.m2\repository\net\minidev\json-smart\2.5.2\json-smart-2.5.2.jar;C:\Users\jigya\.m2\repository\net\minidev\accessors-smart\2.5.2\accessors-smart-2.5.2.jar;C:\Users\jigya\.m2\repository\org\ow2\asm\asm\9.7.1\asm-9.7.1.jar;C:\Users\jigya\.m2\repository\org\assertj\assertj-core\3.27.4\assertj-core-3.27.4.jar;C:\Users\jigya\.m2\repository\net\bytebuddy\byte-buddy\1.17.7\byte-buddy-1.17.7.jar;C:\Users\jigya\.m2\repository\org\awaitility\awaitility\4.2.2\awaitility-4.2.2.jar;C:\Users\jigya\.m2\repository\org\hamcrest\hamcrest\3.0\hamcrest-3.0.jar;C:\Users\jigya\.m2\repository\org\junit\jupiter\junit-jupiter\5.12.2\junit-jupiter-5.12.2.jar;C:\Users\jigya\.m2\repository\org\junit\jupiter\junit-jupiter-api\5.12.2\junit-jupiter-api-5.12.2.jar;C:\Users\jigya\.m2\repository\org\opentest4j\opentest4j\1.3.0\opentest4j-1.3.0.jar;C:\Users\jigya\.m2\repository\org\junit\platform\junit-platform-commons\1.12.2\junit-platform-commons-1.12.2.jar;C:\Users\jigya\.m2\repository\org\apiguardian\apiguardian-api\1.1.2\apiguardian-api-1.1.2.jar;C:\Users\jigya\.m2\repository\org\junit\jupiter\junit-jupiter-params\5.12.2\junit-jupiter-params-5.12.2.jar;C:\Users\jigya\.m2\repository\org\junit\jupiter\junit-jupiter-engine\5.12.2\junit-jupiter-engine-5.12.2.jar;C:\Users\jigya\.m2\repository\org\junit\platform\junit-platform-engine\1.12.2\junit-platform-engine-1.12.2.jar;C:\Users\jigya\.m2\repository\org\mockito\mockito-core\5.17.0\mockito-core-5.17.0.jar;C:\Users\jigya\.m2\repository\net\bytebuddy\byte-buddy-agent\1.17.7\byte-buddy-agent-1.17.7.jar;C:\Users\jigya\.m2\repository\org\objenesis\objenesis\3.3\objenesis-3.3.jar;C:\Users\jigya\.m2\repository\org\mockito\mockito-junit-jupiter\5.17.0\mockito-junit-jupiter-5.17.0.jar;C:\Users\jigya\.m2\repository\org\skyscreamer\jsonassert\1.5.3\jsonassert-1.5.3.jar;C:\Users\jigya\.m2\repository\com\vaadin\external\google\android-json\0.0.20131108.vaadin1\android-json-0.0.20131108.vaadin1.jar;C:\Users\jigya\.m2\repository\org\springframework\spring-core\6.2.10\spring-core-6.2.10.jar;C:\Users\jigya\.m2\repository\org\springframework\spring-jcl\6.2.10\spring-jcl-6.2.10.jar;C:\Users\jigya\.m2\repository\org\springframework\spring-test\6.2.10\spring-test-6.2.10.jar;C:\Users\jigya\.m2\repository\org\xmlunit\xmlunit-core\2.10.3\xmlunit-core-2.10.3.jar;C:\Users\jigya\.m2\repository\io\projectreactor\reactor-test\3.7.9\reactor-test-3.7.9.jar;C:\Users\jigya\.m2\repository\io\projectreactor\reactor-core\3.7.9\reactor-core-3.7.9.jar;C:\Users\jigya\.m2\repository\org\reactivestreams\reactive-streams\1.0.4\reactive-streams-1.0.4.jar
Launcher Type: SUN_STANDARD

[Global flags]
     intx CICompilerCount                          = 4                                         {product} {ergonomic}
     uint ConcGCThreads                            = 2                                         {product} {ergonomic}
     uint G1ConcRefinementThreads                  = 8                                         {product} {ergonomic}
   size_t G1HeapRegionSize                         = 2097152                                   {product} {ergonomic}
    uintx GCDrainStackTargetSize                   = 64                                        {product} {ergonomic}
   size_t InitialHeapSize                          = 264241152                                 {product} {ergonomic}
   size_t MarkStackSize                            = 4194304                                   {product} {ergonomic}
   size_t MaxHeapSize                              = 4215275520                                {product} {ergonomic}
   size_t MinHeapDeltaBytes                        = 2097152                                   {product} {ergonomic}
   size_t MinHeapSize                              = 8388608                                   {product} {ergonomic}
    uintx NonNMethodCodeHeapSize                   = 5839372                                {pd product} {ergonomic}
    uintx NonProfiledCodeHeapSize                  = 122909434                              {pd product} {ergonomic}
    uintx ProfiledCodeHeapSize                     = 122909434                              {pd product} {ergonomic}
    uintx ReservedCodeCacheSize                    = 251658240                              {pd product} {ergonomic}
     bool SegmentedCodeCache                       = true                                      {product} {ergonomic}
   size_t SoftMaxHeapSize                          = 4215275520                             {manageable} {ergonomic}
     bool UseCompressedOops                        = true                           {product lp64_product} {ergonomic}
     bool UseG1GC                                  = true                                      {product} {ergonomic}
     bool UseLargePagesIndividualAllocation        = false                                  {pd product} {ergonomic}

Logging:
Log output configuration:
 #0: stdout all=warning uptime,level,tags foldmultilines=false
 #1: stderr all=off uptime,level,tags foldmultilines=false

Environment Variables:
CLASSPATH=C:\Program Files\Apache Software Foundation\Tomcat 10.1\lib\servlet-api.jar;
PATH=C:\Program Files\Java\jdk-21\bin;C:\Program Files\nodejs;C:\Program Files\nodejs\;C:\Program Files\Docker\Docker\resources\bin;C:\Windows\System32;D:\superops1.0\apache-maven-3.9.11-bin\apache-maven-3.9.11\bin;C:\Program Files\MySQL\MySQL Shell 8.0\bin\;C:\Users\jigya\AppData\Local\Microsoft\WindowsApps;C:\Users\jigya\AppData\Local\Programs\Microsoft VS Code\bin;C:\Users\jigya\AppData\Local\GitHubDesktop\bin;C:\Users\jigya\AppData\Roaming\npm
USERNAME=jigya
OS=Windows_NT
PROCESSOR_IDENTIFIER=Intel64 Family 6 Model 140 Stepping 1, GenuineIntel
TMP=C:\Users\jigya\AppData\Local\Temp
TEMP=C:\Users\jigya\AppData\Local\Temp




Periodic native trim disabled

---------------  S Y S T E M  ---------------

OS:
 Windows 11 , 64 bit Build 22621 (10.0.22621.5415)
OS uptime: 2 days 22:54 hours
Hyper-V role detected

CPU: total 8 (initial active 8) (4 cores per cpu, 2 threads per core) family 6 model 140 stepping 1 microcode 0x86, cx8, cmov, fxsr, ht, mmx, 3dnowpref, sse, sse2, sse3, ssse3, sse4.1, sse4.2, popcnt, lzcnt, tsc, tscinvbit, avx, avx2, aes, erms, clmul, bmi1, bmi2, adx, avx512f, avx512dq, avx512cd, avx512bw, avx512vl, sha, fma, vzeroupper, avx512_vpopcntdq, avx512_vpclmulqdq, avx512_vaes, avx512_vnni, clflush, clflushopt, clwb, avx512_vbmi2, avx512_vbmi, hv, rdtscp, rdpid, fsrm, gfni, avx512_bitalg, f16c, cet_ibt, cet_ss, avx512_ifma
Processor Information for all 8 processors :
  Max Mhz: 2419, Current Mhz: 2419, Mhz Limit: 2419

Memory: 4k page, system-wide physical 16077M (736M free)
TotalPageFile size 27834M (AvailPageFile size 28M)
current process WorkingSet (physical memory assigned to process): 13M, peak: 13M
current process commit charge ("private bytes"): 61M, peak: 313M

vm_info: Java HotSpot(TM) 64-Bit Server VM (21.0.3+7-LTS-152) for windows-amd64 JRE (21.0.3+7-LTS-152), built on 2024-03-11T17:42:26Z by "mach5one" with MS VC++ 17.6 (VS2022)

END.
